2024-04-18 00:01:19,639 - training_logger - INFO - TRAINING STARTED...
2024-04-18 00:01:19,639 - training_logger - INFO - Training on cuda
2024-04-18 00:01:19,639 - training_logger - INFO - Epoch 1/30, Training...
2024-04-18 00:04:35,290 - training_logger - INFO - Epoch 1/30, Training Loss: 0.5619
2024-04-18 00:05:07,337 - training_logger - INFO - Epoch 1/30, Test Loss: 0.2543, Test Accuracy: 91.72%
2024-04-18 00:05:07,368 - training_logger - INFO - Saved new best model with test loss: 0.2543
2024-04-18 00:05:07,368 - training_logger - INFO - Epoch 2/30, Training...
2024-04-18 00:08:17,247 - training_logger - INFO - Epoch 2/30, Training Loss: 0.2369
2024-04-18 00:08:45,763 - training_logger - INFO - Epoch 2/30, Test Loss: 0.2104, Test Accuracy: 93.15%
2024-04-18 00:08:45,794 - training_logger - INFO - Saved new best model with test loss: 0.2104
2024-04-18 00:08:45,794 - training_logger - INFO - Epoch 3/30, Training...
2024-04-18 00:11:55,516 - training_logger - INFO - Epoch 3/30, Training Loss: 0.1799
2024-04-18 00:12:24,173 - training_logger - INFO - Epoch 3/30, Test Loss: 0.2007, Test Accuracy: 93.44%
2024-04-18 00:12:24,204 - training_logger - INFO - Saved new best model with test loss: 0.2007
2024-04-18 00:12:24,204 - training_logger - INFO - Epoch 4/30, Training...
2024-04-18 00:15:34,114 - training_logger - INFO - Epoch 4/30, Training Loss: 0.1478
2024-04-18 00:16:02,708 - training_logger - INFO - Epoch 4/30, Test Loss: 0.1848, Test Accuracy: 94.11%
2024-04-18 00:16:02,739 - training_logger - INFO - Saved new best model with test loss: 0.1848
2024-04-18 00:16:02,739 - training_logger - INFO - Epoch 5/30, Training...
2024-04-18 00:19:12,633 - training_logger - INFO - Epoch 5/30, Training Loss: 0.1277
2024-04-18 00:19:41,211 - training_logger - INFO - Epoch 5/30, Test Loss: 0.1716, Test Accuracy: 94.64%
2024-04-18 00:19:41,243 - training_logger - INFO - Saved new best model with test loss: 0.1716
2024-04-18 00:19:41,243 - training_logger - INFO - Epoch 6/30, Training...
2024-04-18 00:22:51,293 - training_logger - INFO - Epoch 6/30, Training Loss: 0.1163
2024-04-18 00:23:19,981 - training_logger - INFO - Epoch 6/30, Test Loss: 0.2011, Test Accuracy: 93.83%
2024-04-18 00:23:19,981 - training_logger - INFO - Epoch 7/30, Training...
2024-04-18 00:26:29,984 - training_logger - INFO - Epoch 7/30, Training Loss: 0.1095
2024-04-18 00:26:58,516 - training_logger - INFO - Epoch 7/30, Test Loss: 0.1797, Test Accuracy: 94.45%
2024-04-18 00:26:58,516 - training_logger - INFO - Epoch 8/30, Training...
2024-04-18 00:30:08,894 - training_logger - INFO - Epoch 8/30, Training Loss: 0.1087
2024-04-18 00:30:37,504 - training_logger - INFO - Epoch 8/30, Test Loss: 0.1989, Test Accuracy: 93.82%
2024-04-18 00:30:37,504 - training_logger - INFO - Epoch 9/30, Training...
2024-04-18 00:33:47,867 - training_logger - INFO - Epoch 9/30, Training Loss: 0.1082
2024-04-18 00:34:16,493 - training_logger - INFO - Epoch 9/30, Test Loss: 0.1962, Test Accuracy: 94.13%
2024-04-18 00:34:16,493 - training_logger - INFO - Epoch 10/30, Training...
2024-04-18 00:37:26,605 - training_logger - INFO - Epoch 10/30, Training Loss: 0.1085
2024-04-18 00:37:55,293 - training_logger - INFO - Epoch 10/30, Test Loss: 0.2080, Test Accuracy: 93.75%
2024-04-18 00:37:55,293 - training_logger - INFO - Epoch 11/30, Training...
2024-04-18 00:41:06,109 - training_logger - INFO - Epoch 11/30, Training Loss: 0.0493
2024-04-18 00:41:34,938 - training_logger - INFO - Epoch 11/30, Test Loss: 0.1455, Test Accuracy: 95.60%
2024-04-18 00:41:34,969 - training_logger - INFO - Saved new best model with test loss: 0.1455
2024-04-18 00:41:34,969 - training_logger - INFO - Epoch 12/30, Training...
2024-04-18 00:44:45,425 - training_logger - INFO - Epoch 12/30, Training Loss: 0.0318
2024-04-18 00:45:14,051 - training_logger - INFO - Epoch 12/30, Test Loss: 0.1448, Test Accuracy: 95.63%
2024-04-18 00:45:14,097 - training_logger - INFO - Saved new best model with test loss: 0.1448
2024-04-18 00:45:14,097 - training_logger - INFO - Epoch 13/30, Training...
2024-04-18 00:48:24,851 - training_logger - INFO - Epoch 13/30, Training Loss: 0.0267
2024-04-18 00:48:53,383 - training_logger - INFO - Epoch 13/30, Test Loss: 0.1437, Test Accuracy: 95.87%
2024-04-18 00:48:53,430 - training_logger - INFO - Saved new best model with test loss: 0.1437
2024-04-18 00:48:53,430 - training_logger - INFO - Epoch 14/30, Training...
2024-04-18 00:52:03,792 - training_logger - INFO - Epoch 14/30, Training Loss: 0.0236
2024-04-18 00:52:32,371 - training_logger - INFO - Epoch 14/30, Test Loss: 0.1463, Test Accuracy: 95.85%
2024-04-18 00:52:32,371 - training_logger - INFO - Epoch 15/30, Training...
2024-04-18 00:55:42,561 - training_logger - INFO - Epoch 15/30, Training Loss: 0.0201
2024-04-18 00:56:11,296 - training_logger - INFO - Epoch 15/30, Test Loss: 0.1486, Test Accuracy: 95.81%
2024-04-18 00:56:11,296 - training_logger - INFO - Epoch 16/30, Training...
2024-04-18 00:59:21,518 - training_logger - INFO - Epoch 16/30, Training Loss: 0.0191
2024-04-18 00:59:50,144 - training_logger - INFO - Epoch 16/30, Test Loss: 0.1530, Test Accuracy: 95.85%
2024-04-18 00:59:50,144 - training_logger - INFO - Epoch 17/30, Training...
2024-04-18 01:03:00,459 - training_logger - INFO - Epoch 17/30, Training Loss: 0.0181
2024-04-18 01:03:29,288 - training_logger - INFO - Epoch 17/30, Test Loss: 0.1524, Test Accuracy: 95.88%
2024-04-18 01:03:29,288 - training_logger - INFO - Epoch 18/30, Training...
2024-04-18 01:06:39,432 - training_logger - INFO - Epoch 18/30, Training Loss: 0.0175
2024-04-18 01:07:08,120 - training_logger - INFO - Epoch 18/30, Test Loss: 0.1557, Test Accuracy: 95.82%
2024-04-18 01:07:08,120 - training_logger - INFO - Epoch 19/30, Training...
2024-04-18 01:10:18,186 - training_logger - INFO - Epoch 19/30, Training Loss: 0.0167
2024-04-18 01:10:46,780 - training_logger - INFO - Epoch 19/30, Test Loss: 0.1499, Test Accuracy: 95.93%
2024-04-18 01:10:46,780 - training_logger - INFO - Epoch 20/30, Training...
2024-04-18 01:13:57,189 - training_logger - INFO - Epoch 20/30, Training Loss: 0.0146
2024-04-18 01:14:25,846 - training_logger - INFO - Epoch 20/30, Test Loss: 0.1525, Test Accuracy: 95.95%
2024-04-18 01:14:25,846 - training_logger - INFO - Epoch 21/30, Training...
2024-04-18 01:17:36,146 - training_logger - INFO - Epoch 21/30, Training Loss: 0.0140
2024-04-18 01:18:04,756 - training_logger - INFO - Epoch 21/30, Test Loss: 0.1554, Test Accuracy: 95.92%
2024-04-18 01:18:04,756 - training_logger - INFO - Epoch 22/30, Training...
2024-04-18 01:21:14,947 - training_logger - INFO - Epoch 22/30, Training Loss: 0.0135
2024-04-18 01:21:43,510 - training_logger - INFO - Epoch 22/30, Test Loss: 0.1539, Test Accuracy: 95.95%
2024-04-18 01:21:43,510 - training_logger - INFO - Epoch 23/30, Training...
2024-04-18 01:24:53,732 - training_logger - INFO - Epoch 23/30, Training Loss: 0.0143
2024-04-18 01:25:22,295 - training_logger - INFO - Epoch 23/30, Test Loss: 0.1532, Test Accuracy: 95.95%
2024-04-18 01:25:22,295 - training_logger - INFO - Epoch 24/30, Training...
2024-04-18 01:28:32,267 - training_logger - INFO - Epoch 24/30, Training Loss: 0.0133
2024-04-18 01:29:00,846 - training_logger - INFO - Epoch 24/30, Test Loss: 0.1581, Test Accuracy: 95.98%
2024-04-18 01:29:00,846 - training_logger - INFO - Epoch 25/30, Training...
2024-04-18 01:32:11,005 - training_logger - INFO - Epoch 25/30, Training Loss: 0.0137
2024-04-18 01:32:39,662 - training_logger - INFO - Epoch 25/30, Test Loss: 0.1548, Test Accuracy: 95.92%
2024-04-18 01:32:39,662 - training_logger - INFO - Epoch 26/30, Training...
2024-04-18 01:35:49,962 - training_logger - INFO - Epoch 26/30, Training Loss: 0.0145
2024-04-18 01:36:18,588 - training_logger - INFO - Epoch 26/30, Test Loss: 0.1529, Test Accuracy: 95.98%
2024-04-18 01:36:18,588 - training_logger - INFO - Epoch 27/30, Training...
2024-04-18 01:39:28,919 - training_logger - INFO - Epoch 27/30, Training Loss: 0.0136
2024-04-18 01:40:00,201 - training_logger - INFO - Epoch 27/30, Test Loss: 0.1568, Test Accuracy: 95.96%
2024-04-18 01:40:00,201 - training_logger - INFO - Epoch 28/30, Training...
2024-04-18 01:43:10,329 - training_logger - INFO - Epoch 28/30, Training Loss: 0.0133
2024-04-18 01:43:38,876 - training_logger - INFO - Epoch 28/30, Test Loss: 0.1551, Test Accuracy: 95.89%
2024-04-18 01:43:38,876 - training_logger - INFO - Epoch 29/30, Training...
2024-04-18 01:46:49,646 - training_logger - INFO - Epoch 29/30, Training Loss: 0.0122
2024-04-18 01:47:18,224 - training_logger - INFO - Epoch 29/30, Test Loss: 0.1560, Test Accuracy: 95.97%
2024-04-18 01:47:18,224 - training_logger - INFO - Epoch 30/30, Training...
2024-04-18 01:50:28,414 - training_logger - INFO - Epoch 30/30, Training Loss: 0.0124
2024-04-18 01:50:57,009 - training_logger - INFO - Epoch 30/30, Test Loss: 0.1573, Test Accuracy: 95.97%
2024-04-18 01:50:57,055 - training_logger - INFO - Model and results saved to ./models/MobileNetV2_20240418_000119
